<?xml version="1.0" encoding="UTF-8"?>
<testsuite xmlns:xsi="http://www.w3.org/2001/XMLSchema-instance" xsi:noNamespaceSchemaLocation="https://maven.apache.org/surefire/maven-surefire-plugin/xsd/surefire-test-report.xsd" name="com.second.hand.trading.server.service.UserServiceTest" time="2.075" tests="3" errors="0" skipped="0" failures="0">
  <properties>
[...]
</properties>
  <testcase name="testGetUser" classname="com.second.hand.trading.server.service.UserServiceTest" time="0.023"/>
  <testcase name="testUserSignIn" classname="com.second.hand.trading.server.service.UserServiceTest" time="0.015"/>
  <testcase name="testUserLogin" classname="com.second.hand.trading.server.service.UserServiceTest" time="0.032"/>
</testsuite>